<?xml version="1.0" encoding="UTF-8"?>
<testng-results skipped="0" failed="0" total="1" passed="1">
  <reporter-output>
  </reporter-output>
  <suite name="Default suite" duration-ms="263965" started-at="2020-12-08T18:12:42Z" finished-at="2020-12-08T18:17:06Z">
    <groups>
      <group name="cucumber">
        <method signature="AbstractTestNGCucumberTests.feature(cucumber.api.testng.CucumberFeatureWrapper)[pri:0, instance:com.testrunner.TestRunnerwithOrange@5f2050f6]" name="feature" class="cucumber.api.testng.AbstractTestNGCucumberTests"/>
      </group> <!-- cucumber -->
    </groups>
    <test name="Default test" duration-ms="263965" started-at="2020-12-08T18:12:42Z" finished-at="2020-12-08T18:17:06Z">
      <class name="com.testrunner.TestRunnerwithOrange">
        <test-method status="PASS" signature="setUpClass()[pri:0, instance:com.testrunner.TestRunnerwithOrange@5f2050f6]" name="setUpClass" is-config="true" duration-ms="388" started-at="2020-12-08T23:42:42Z" finished-at="2020-12-08T23:42:43Z">
          <reporter-output>
          </reporter-output>
        </test-method> <!-- setUpClass -->
        <test-method status="PASS" signature="feature(cucumber.api.testng.CucumberFeatureWrapper)[pri:0, instance:com.testrunner.TestRunnerwithOrange@5f2050f6]" name="feature" duration-ms="263411" started-at="2020-12-08T23:42:43Z" description="Runs Cucumber Feature" data-provider="features" finished-at="2020-12-08T23:47:06Z">
          <params>
            <param index="0">
              <value>
                <![CDATA[OrangeHRM]]>
              </value>
            </param>
          </params>
          <reporter-output>
          </reporter-output>
        </test-method> <!-- feature -->
        <test-method status="PASS" signature="tearDownClass()[pri:0, instance:com.testrunner.TestRunnerwithOrange@5f2050f6]" name="tearDownClass" is-config="true" duration-ms="46" started-at="2020-12-08T23:47:06Z" finished-at="2020-12-08T23:47:06Z">
          <reporter-output>
          </reporter-output>
        </test-method> <!-- tearDownClass -->
      </class> <!-- com.testrunner.TestRunnerwithOrange -->
    </test> <!-- Default test -->
  </suite> <!-- Default suite -->
</testng-results>
